ERROR: Pocophone F1 n√£o est√° ligado
INFO: Pocophone F1 EST√Å CONECTADO.
ERROR: Pocophone F1 J√Å EST√Å CONECTADO.
ERROR: Pocophone F1 J√Å EST√Å CONECTADO.
ERROR: Pocophone F1 n√£o est√° ligado
INFO: Pocophone F1 foi deligado com sucesso.
ERROR: Pocophone F1 N√ÉO EST√Å CONECTADO.
ERROR: Pocophone F1 n√£o est√° ligado
INFO: Pocophone F1 EST√Å CONECTADO.
ERROR: Pocophone F1 J√Å EST√Å CONECTADO.
ERROR: Pocophone F1 J√Å EST√Å CONECTADO.
ERROR: Pocophone F1 n√£o est√° ligado
INFO: Pocophone F1 foi deligado com sucesso.
ERROR: Pocophone F1 N√ÉO EST√Å CONECTADO.
ERROR: Pocophone F1 n„o est· ligado
INFO: Pocophone F1 EST¡ CONECTADO.
ERROR: Pocophone F1 J¡ EST¡ CONECTADO.
ERROR: Pocophone F1 J¡ EST¡ CONECTADO.
ERROR: Pocophone F1 n„o est· ligado
INFO: Pocophone F1 foi deligado com sucesso.
ERROR: Pocophone F1 N√O EST¡ CONECTADO.
